{"level":"info","message":"User logged in: 6ae18774-5595-48f5-84d8-b7eacec71544","timestamp":"2025-03-09 11:00:47"}
{"level":"error","message":"Invalid token: jwt expired","timestamp":"2025-03-09 11:03:14"}
{"level":"warn","message":"Invalid role name: User","timestamp":"2025-03-09 11:03:27"}
{"level":"warn","message":"BadRequestError: Invalid role name","timestamp":"2025-03-09 11:03:27"}
{"level":"error","message":"Unexpected error: Operand should contain 1 column(s)","stack":"QueryFailedError: Operand should contain 1 column(s)\n    at Query.onResult (C:\\Everything\\Uni\\SDP\\scms_backend\\node_modules\\typeorm\\src\\driver\\mysql\\MysqlQueryRunner.ts:246:33)\n    at Query.execute (C:\\Everything\\Uni\\SDP\\scms_backend\\node_modules\\mysql2\\lib\\commands\\command.js:36:14)\n    at PoolConnection.handlePacket (C:\\Everything\\Uni\\SDP\\scms_backend\\node_modules\\mysql2\\lib\\base\\connection.js:475:34)\n    at PacketParser.onPacket (C:\\Everything\\Uni\\SDP\\scms_backend\\node_modules\\mysql2\\lib\\base\\connection.js:93:12)\n    at PacketParser.executeStart (C:\\Everything\\Uni\\SDP\\scms_backend\\node_modules\\mysql2\\lib\\packet_parser.js:75:16)\n    at Socket.<anonymous> (C:\\Everything\\Uni\\SDP\\scms_backend\\node_modules\\mysql2\\lib\\base\\connection.js:100:25)\n    at Socket.emit (node:events:524:28)\n    at Socket.emit (node:domain:489:12)\n    at addChunk (node:internal/streams/readable:561:12)\n    at readableAddChunkPushByteMode (node:internal/streams/readable:512:3)","timestamp":"2025-03-09 11:03:45"}
{"level":"error","message":"Unexpected error: Operand should contain 1 column(s)","stack":"QueryFailedError: Operand should contain 1 column(s)\n    at Query.onResult (C:\\Everything\\Uni\\SDP\\scms_backend\\node_modules\\typeorm\\src\\driver\\mysql\\MysqlQueryRunner.ts:246:33)\n    at Query.execute (C:\\Everything\\Uni\\SDP\\scms_backend\\node_modules\\mysql2\\lib\\commands\\command.js:36:14)\n    at PoolConnection.handlePacket (C:\\Everything\\Uni\\SDP\\scms_backend\\node_modules\\mysql2\\lib\\base\\connection.js:475:34)\n    at PacketParser.onPacket (C:\\Everything\\Uni\\SDP\\scms_backend\\node_modules\\mysql2\\lib\\base\\connection.js:93:12)\n    at PacketParser.executeStart (C:\\Everything\\Uni\\SDP\\scms_backend\\node_modules\\mysql2\\lib\\packet_parser.js:75:16)\n    at Socket.<anonymous> (C:\\Everything\\Uni\\SDP\\scms_backend\\node_modules\\mysql2\\lib\\base\\connection.js:100:25)\n    at Socket.emit (node:events:524:28)\n    at Socket.emit (node:domain:489:12)\n    at addChunk (node:internal/streams/readable:561:12)\n    at readableAddChunkPushByteMode (node:internal/streams/readable:512:3)","timestamp":"2025-03-09 11:03:57"}
{"level":"info","message":"User logged in: 6ae18774-5595-48f5-84d8-b7eacec71544","timestamp":"2025-03-09 11:11:14"}
{"level":"error","message":"Unexpected error: Operand should contain 1 column(s)","stack":"QueryFailedError: Operand should contain 1 column(s)\n    at Query.onResult (C:\\Everything\\Uni\\SDP\\scms_backend\\node_modules\\typeorm\\src\\driver\\mysql\\MysqlQueryRunner.ts:246:33)\n    at Query.execute (C:\\Everything\\Uni\\SDP\\scms_backend\\node_modules\\mysql2\\lib\\commands\\command.js:36:14)\n    at PoolConnection.handlePacket (C:\\Everything\\Uni\\SDP\\scms_backend\\node_modules\\mysql2\\lib\\base\\connection.js:475:34)\n    at PacketParser.onPacket (C:\\Everything\\Uni\\SDP\\scms_backend\\node_modules\\mysql2\\lib\\base\\connection.js:93:12)\n    at PacketParser.executeStart (C:\\Everything\\Uni\\SDP\\scms_backend\\node_modules\\mysql2\\lib\\packet_parser.js:75:16)\n    at Socket.<anonymous> (C:\\Everything\\Uni\\SDP\\scms_backend\\node_modules\\mysql2\\lib\\base\\connection.js:100:25)\n    at Socket.emit (node:events:524:28)\n    at Socket.emit (node:domain:489:12)\n    at addChunk (node:internal/streams/readable:561:12)\n    at readableAddChunkPushByteMode (node:internal/streams/readable:512:3)","timestamp":"2025-03-09 11:11:29"}
{"level":"error","message":"Invalid token: jwt expired","timestamp":"2025-03-09 12:53:27"}
{"level":"info","message":"User logged in: 6ae18774-5595-48f5-84d8-b7eacec71544","timestamp":"2025-03-09 12:53:32"}
{"level":"error","message":"Unexpected error: Operand should contain 1 column(s)","stack":"QueryFailedError: Operand should contain 1 column(s)\n    at Query.onResult (C:\\Everything\\Uni\\SDP\\scms_backend\\node_modules\\typeorm\\src\\driver\\mysql\\MysqlQueryRunner.ts:246:33)\n    at Query.execute (C:\\Everything\\Uni\\SDP\\scms_backend\\node_modules\\mysql2\\lib\\commands\\command.js:36:14)\n    at PoolConnection.handlePacket (C:\\Everything\\Uni\\SDP\\scms_backend\\node_modules\\mysql2\\lib\\base\\connection.js:475:34)\n    at PacketParser.onPacket (C:\\Everything\\Uni\\SDP\\scms_backend\\node_modules\\mysql2\\lib\\base\\connection.js:93:12)\n    at PacketParser.executeStart (C:\\Everything\\Uni\\SDP\\scms_backend\\node_modules\\mysql2\\lib\\packet_parser.js:75:16)\n    at Socket.<anonymous> (C:\\Everything\\Uni\\SDP\\scms_backend\\node_modules\\mysql2\\lib\\base\\connection.js:100:25)\n    at Socket.emit (node:events:524:28)\n    at Socket.emit (node:domain:489:12)\n    at addChunk (node:internal/streams/readable:561:12)\n    at readableAddChunkPushByteMode (node:internal/streams/readable:512:3)","timestamp":"2025-03-09 12:53:46"}
{"level":"info","message":"User logged in: 6ae18774-5595-48f5-84d8-b7eacec71544","timestamp":"2025-03-09 12:57:43"}
{"level":"info","message":"User created: f19edefc-e9b2-4abb-9ecc-0d682e135995","timestamp":"2025-03-09 12:58:53"}
{"level":"info","message":"Login request received:","timestamp":"2025-03-09 14:08:16"}
{"level":"info","message":"Login request received:","timestamp":"2025-03-09 14:08:19"}
{"level":"info","message":"Login request received:","timestamp":"2025-03-09 14:08:25"}
{"level":"info","message":"Login request received:","timestamp":"2025-03-09 14:09:18"}
{"level":"info","message":"Login request received:","timestamp":"2025-03-09 14:09:55"}
{"level":"info","message":"Login request received:","timestamp":"2025-03-09 14:09:56"}
{"level":"info","message":"Login request received:","timestamp":"2025-03-09 14:09:59"}
{"level":"info","message":"Login request received:","timestamp":"2025-03-09 14:10:01"}
{"level":"info","message":"Raw request body:","timestamp":"2025-03-09 14:12:06"}
{"level":"error","message":"Unexpected error: Cannot read properties of undefined (reading 'email')","stack":"TypeError: Cannot read properties of undefined (reading 'email')\n    at C:\\Everything\\Uni\\SDP\\scms_backend\\src\\routes\\auth.routes.ts:16:26\n    at Generator.next (<anonymous>)\n    at C:\\Everything\\Uni\\SDP\\scms_backend\\src\\routes\\auth.routes.ts:8:71\n    at new Promise (<anonymous>)\n    at __awaiter (C:\\Everything\\Uni\\SDP\\scms_backend\\src\\routes\\auth.routes.ts:4:12)\n    at C:\\Everything\\Uni\\SDP\\scms_backend\\src\\routes\\auth.routes.ts:11:48\n    at Layer.handle [as handle_request] (C:\\Everything\\Uni\\SDP\\scms_backend\\node_modules\\express\\lib\\router\\layer.js:95:5)\n    at next (C:\\Everything\\Uni\\SDP\\scms_backend\\node_modules\\express\\lib\\router\\route.js:149:13)\n    at Route.dispatch (C:\\Everything\\Uni\\SDP\\scms_backend\\node_modules\\express\\lib\\router\\route.js:119:3)\n    at Layer.handle [as handle_request] (C:\\Everything\\Uni\\SDP\\scms_backend\\node_modules\\express\\lib\\router\\layer.js:95:5)","timestamp":"2025-03-09 14:12:06"}
{"level":"info","message":"Raw request body:","timestamp":"2025-03-09 14:13:44"}
{"level":"error","message":"Unexpected error: Cannot read properties of undefined (reading 'email')","stack":"TypeError: Cannot read properties of undefined (reading 'email')\n    at C:\\Everything\\Uni\\SDP\\scms_backend\\src\\routes\\auth.routes.ts:15:19\n    at Generator.next (<anonymous>)\n    at C:\\Everything\\Uni\\SDP\\scms_backend\\src\\routes\\auth.routes.ts:8:71\n    at new Promise (<anonymous>)\n    at __awaiter (C:\\Everything\\Uni\\SDP\\scms_backend\\src\\routes\\auth.routes.ts:4:12)\n    at C:\\Everything\\Uni\\SDP\\scms_backend\\src\\routes\\auth.routes.ts:11:48\n    at Layer.handle [as handle_request] (C:\\Everything\\Uni\\SDP\\scms_backend\\node_modules\\express\\lib\\router\\layer.js:95:5)\n    at next (C:\\Everything\\Uni\\SDP\\scms_backend\\node_modules\\express\\lib\\router\\route.js:149:13)\n    at Route.dispatch (C:\\Everything\\Uni\\SDP\\scms_backend\\node_modules\\express\\lib\\router\\route.js:119:3)\n    at Layer.handle [as handle_request] (C:\\Everything\\Uni\\SDP\\scms_backend\\node_modules\\express\\lib\\router\\layer.js:95:5)","timestamp":"2025-03-09 14:13:44"}
{"level":"info","message":"Raw request body:","timestamp":"2025-03-09 14:14:00"}
{"level":"error","message":"Unexpected error: Cannot read properties of undefined (reading 'email')","stack":"TypeError: Cannot read properties of undefined (reading 'email')\n    at C:\\Everything\\Uni\\SDP\\scms_backend\\src\\routes\\auth.routes.ts:15:19\n    at Generator.next (<anonymous>)\n    at C:\\Everything\\Uni\\SDP\\scms_backend\\src\\routes\\auth.routes.ts:8:71\n    at new Promise (<anonymous>)\n    at __awaiter (C:\\Everything\\Uni\\SDP\\scms_backend\\src\\routes\\auth.routes.ts:4:12)\n    at C:\\Everything\\Uni\\SDP\\scms_backend\\src\\routes\\auth.routes.ts:11:48\n    at Layer.handle [as handle_request] (C:\\Everything\\Uni\\SDP\\scms_backend\\node_modules\\express\\lib\\router\\layer.js:95:5)\n    at next (C:\\Everything\\Uni\\SDP\\scms_backend\\node_modules\\express\\lib\\router\\route.js:149:13)\n    at Route.dispatch (C:\\Everything\\Uni\\SDP\\scms_backend\\node_modules\\express\\lib\\router\\route.js:119:3)\n    at Layer.handle [as handle_request] (C:\\Everything\\Uni\\SDP\\scms_backend\\node_modules\\express\\lib\\router\\layer.js:95:5)","timestamp":"2025-03-09 14:14:00"}
{"email":"admin@scms.com","level":"info","message":"Raw request body:","password":"admin123","timestamp":"2025-03-09 14:16:50"}
{"email":"admin@scms.com","level":"info","message":"DTO before validation:","password":"admin123","timestamp":"2025-03-09 14:16:50"}
{"level":"info","message":"User logged in: 6ae18774-5595-48f5-84d8-b7eacec71544","timestamp":"2025-03-09 14:16:50"}
{"email":"admin@scms.com","level":"info","message":"Raw request body:","password":"admin123","timestamp":"2025-03-09 14:17:07"}
{"email":"admin@scms.com","level":"info","message":"DTO before validation:","password":"admin123","timestamp":"2025-03-09 14:17:07"}
{"level":"info","message":"User logged in: 6ae18774-5595-48f5-84d8-b7eacec71544","timestamp":"2025-03-09 14:17:07"}
{"email":"admin@scms.com","level":"info","message":"Raw request body:","password":"admin123","timestamp":"2025-03-09 14:26:31"}
{"email":"admin@scms.com","level":"info","message":"DTO before validation:","password":"admin123","timestamp":"2025-03-09 14:26:31"}
{"level":"info","message":"User logged in: 6ae18774-5595-48f5-84d8-b7eacec71544","timestamp":"2025-03-09 14:26:31"}
{"email":"admin@scms.com","level":"info","message":"Raw request body:","password":"admin123","timestamp":"2025-03-09 14:27:20"}
{"email":"admin@scms.com","level":"info","message":"DTO before validation:","password":"admin123","timestamp":"2025-03-09 14:27:20"}
{"level":"info","message":"User logged in: 6ae18774-5595-48f5-84d8-b7eacec71544","timestamp":"2025-03-09 14:27:20"}
